<?xml version="1.0" encoding="UTF-8"?>
<coverage generated="1625614204753" clover="3.2.0">
  <project timestamp="1625614204754" name="All files">
    <metrics statements="1" coveredstatements="1" conditionals="1" coveredconditionals="1" methods="1" coveredmethods="1" elements="3" coveredelements="3" complexity="0" loc="1" ncloc="1" packages="1" files="1" classes="1"/>
    <file name="index.js" path="/home/geovani/Projects/husky/src/index.js">
      <metrics statements="1" coveredstatements="1" conditionals="1" coveredconditionals="1" methods="1" coveredmethods="1"/>
      <line num="1" count="1" type="cond" truecount="1" falsecount="0"/>
    </file>
  </project>
</coverage>
