{"/home/geovani/Projects/husky/src/index.js": {"path":"/home/geovani/Projects/husky/src/index.js","all":false,"statementMap":{"0":{"start":{"line":1,"column":0},"end":{"line":1,"column":34}}},"s":{"0":1},"branchMap":{"0":{"type":"branch","line":1,"loc":{"start":{"line":1,"column":19},"end":{"line":1,"column":34}},"locations":[{"start":{"line":1,"column":19},"end":{"line":1,"column":34}}]}},"b":{"0":[1]},"fnMap":{"0":{"name":"Object.<anonymous>.exports.sayHello","decl":{"start":{"line":1,"column":19},"end":{"line":1,"column":34}},"loc":{"start":{"line":1,"column":19},"end":{"line":1,"column":34}},"line":1}},"f":{"0":1}}
}
